<?xml version="1.0" encoding="UTF-8"?>
<testng-results ignored="0" total="1" passed="1" failed="0" skipped="0">
  <reporter-output>
    <line>
      <![CDATA[Add to cart button is not visible]]>
    </line>
  </reporter-output>
  <suite started-at="2026-01-06T17:12:08 IST" name="Default suite" finished-at="2026-01-06T17:12:21 IST" duration-ms="12643">
    <groups>
    </groups>
    <test started-at="2026-01-06T17:12:08 IST" name="Default test" finished-at="2026-01-06T17:12:21 IST" duration-ms="12643">
      <class name="package1.Project1.TestCase5_ReachingTillCartwithoutLogin">
        <test-method is-config="true" signature="launch(java.lang.String)[pri:0, instance:package1.Project1.TestCase5_ReachingTillCartwithoutLogin@561b6512]" started-at="2026-01-06T17:12:08 IST" name="launch" finished-at="2026-01-06T17:12:13 IST" duration-ms="4883" status="PASS">
          <params>
            <param index="0">
              <value>
                <![CDATA[chrome]]>
              </value>
            </param>
          </params>
          <reporter-output>
          </reporter-output>
        </test-method> <!-- launch -->
        <test-method signature="reachingtillcartwithoutlogin()[pri:0, instance:package1.Project1.TestCase5_ReachingTillCartwithoutLogin@561b6512]" started-at="2026-01-06T17:12:13 IST" name="reachingtillcartwithoutlogin" finished-at="2026-01-06T17:12:18 IST" duration-ms="5271" status="PASS">
          <reporter-output>
            <line>
              <![CDATA[Add to cart button is not visible]]>
            </line>
          </reporter-output>
        </test-method> <!-- reachingtillcartwithoutlogin -->
        <test-method is-config="true" signature="quit()[pri:0, instance:package1.Project1.TestCase5_ReachingTillCartwithoutLogin@561b6512]" started-at="2026-01-06T17:12:18 IST" name="quit" finished-at="2026-01-06T17:12:21 IST" duration-ms="2415" status="PASS">
          <reporter-output>
          </reporter-output>
        </test-method> <!-- quit -->
      </class> <!-- package1.Project1.TestCase5_ReachingTillCartwithoutLogin -->
    </test> <!-- Default test -->
  </suite> <!-- Default suite -->
</testng-results>
