<?xml version="1.0" encoding="UTF-8"?>
<!-- Generated by org.testng.reporters.JUnitReportReporter -->
<testsuite hostname="DESKTOP-UQ4HF3N" failures="0" tests="1" name="package1.Project1.TestCase5_ReachingTillCartwithoutLogin" time="12.569" errors="0" timestamp="2026-01-06T17:12:21 IST" skipped="0">
  <testcase classname="package1.Project1.TestCase5_ReachingTillCartwithoutLogin" name="reachingtillcartwithoutlogin" time="12.569">
    <system-out>
      <![CDATA[Add to cart button is not visible]]>
    </system-out>
  </testcase> <!-- reachingtillcartwithoutlogin -->
  <system-out>
    <![CDATA[Add to cart button is not visible]]>
  </system-out>
</testsuite> <!-- package1.Project1.TestCase5_ReachingTillCartwithoutLogin -->
